<?xml version="1.0" encoding="UTF-8"?>
<!-- Generated by org.testng.reporters.JUnitReportReporter -->
<testsuite hostname="DIGITAL-0167" failures="0" tests="14" name="Runner_Lib.Excel_Run" time="89.276" errors="0" timestamp="2023-02-08T17:55:27 IST" skipped="0">
  <testcase classname="Runner_Lib.Excel_Run" name="slug" time="6.024"/>
  <system-out/>
  <testcase classname="Runner_Lib.Excel_Run" name="slug" time="4.254"/>
  <system-out/>
  <testcase classname="Runner_Lib.Excel_Run" name="slug" time="4.549"/>
  <system-out/>
  <testcase classname="Runner_Lib.Excel_Run" name="slug" time="6.128"/>
  <system-out/>
  <testcase classname="Runner_Lib.Excel_Run" name="slug" time="5.800"/>
  <system-out/>
  <testcase classname="Runner_Lib.Excel_Run" name="slug" time="5.699"/>
  <system-out/>
  <testcase classname="Runner_Lib.Excel_Run" name="slug" time="3.786"/>
  <system-out/>
  <testcase classname="Runner_Lib.Excel_Run" name="slug" time="5.793"/>
  <system-out/>
  <testcase classname="Runner_Lib.Excel_Run" name="slug" time="10.978"/>
  <system-out/>
  <testcase classname="Runner_Lib.Excel_Run" name="slug" time="5.128"/>
  <system-out/>
  <testcase classname="Runner_Lib.Excel_Run" name="slug" time="5.875"/>
  <system-out/>
  <testcase classname="Runner_Lib.Excel_Run" name="slug" time="4.717"/>
  <system-out/>
  <testcase classname="Runner_Lib.Excel_Run" name="slug" time="15.494"/>
  <system-out/>
  <testcase classname="Runner_Lib.Excel_Run" name="slug" time="5.051"/>
  <system-out/>
</testsuite> <!-- Runner_Lib.Excel_Run -->
