<?xml version="1.0" encoding="UTF-8"?>
<!-- Generated by org.testng.reporters.JUnitReportReporter -->
<testsuite hostname="NEWLNDVDI-0015" failures="0" tests="1" name="fd_run_package.FD_Runner" time="93.205" errors="0" timestamp="24 Mar 2023 10:23:25 GMT" skipped="0">
  <testcase classname="fd_run_package.FD_Runner" name="f1" time="93.205"/>
</testsuite> <!-- fd_run_package.FD_Runner -->
