<?xml version="1.0" encoding="UTF-8"?>
<!-- Generated by org.testng.reporters.JUnitReportReporter -->
<testsuite hostname="NEWLNDVDI-0015" failures="0" tests="1" name="org.run.revamped_fd_run" time="194.012" errors="0" timestamp="21 Mar 2023 07:08:33 GMT" skipped="0">
  <testcase classname="org.run.revamped_fd_run" name="fd_landing" time="194.012"/>
</testsuite> <!-- org.run.revamped_fd_run -->
